{"C:\\00.Study\\full-stack-open\\part5\\bloglist-fullstack\\frontend\\src\\App.js": {"path":"C:\\00.Study\\full-stack-open\\part5\\bloglist-fullstack\\frontend\\src\\App.js","statementMap":{"0":{"start":{"line":13,"column":12},"end":{"line":127,"column":1}},"1":{"start":{"line":14,"column":28},"end":{"line":14,"column":40}},"2":{"start":{"line":15,"column":26},"end":{"line":15,"column":40}},"3":{"start":{"line":16,"column":42},"end":{"line":16,"column":56}},"4":{"start":{"line":17,"column":22},"end":{"line":17,"column":30}},"5":{"start":{"line":19,"column":23},"end":{"line":21,"column":3}},"6":{"start":{"line":20,"column":4},"end":{"line":20,"column":29}},"7":{"start":{"line":23,"column":21},"end":{"line":26,"column":3}},"8":{"start":{"line":24,"column":4},"end":{"line":24,"column":39}},"9":{"start":{"line":25,"column":4},"end":{"line":25,"column":53}},"10":{"start":{"line":25,"column":22},"end":{"line":25,"column":44}},"11":{"start":{"line":28,"column":2},"end":{"line":31,"column":8}},"12":{"start":{"line":29,"column":25},"end":{"line":29,"column":51}},"13":{"start":{"line":30,"column":4},"end":{"line":30,"column":46}},"14":{"start":{"line":33,"column":2},"end":{"line":40,"column":8}},"15":{"start":{"line":34,"column":27},"end":{"line":34,"column":75}},"16":{"start":{"line":35,"column":4},"end":{"line":39,"column":5}},"17":{"start":{"line":36,"column":19},"end":{"line":36,"column":45}},"18":{"start":{"line":37,"column":6},"end":{"line":37,"column":20}},"19":{"start":{"line":38,"column":6},"end":{"line":38,"column":39}},"20":{"start":{"line":42,"column":22},"end":{"line":51,"column":3}},"21":{"start":{"line":43,"column":4},"end":{"line":50,"column":5}},"22":{"start":{"line":44,"column":19},"end":{"line":44,"column":67}},"23":{"start":{"line":45,"column":6},"end":{"line":45,"column":77}},"24":{"start":{"line":46,"column":6},"end":{"line":46,"column":39}},"25":{"start":{"line":47,"column":6},"end":{"line":47,"column":20}},"26":{"start":{"line":49,"column":6},"end":{"line":49,"column":57}},"27":{"start":{"line":53,"column":23},"end":{"line":56,"column":3}},"28":{"start":{"line":54,"column":4},"end":{"line":54,"column":56}},"29":{"start":{"line":55,"column":4},"end":{"line":55,"column":29}},"30":{"start":{"line":58,"column":21},"end":{"line":67,"column":3}},"31":{"start":{"line":59,"column":4},"end":{"line":59,"column":43}},"32":{"start":{"line":60,"column":4},"end":{"line":66,"column":5}},"33":{"start":{"line":61,"column":27},"end":{"line":61,"column":60}},"34":{"start":{"line":62,"column":6},"end":{"line":62,"column":71}},"35":{"start":{"line":63,"column":6},"end":{"line":63,"column":62}},"36":{"start":{"line":65,"column":6},"end":{"line":65,"column":41}},"37":{"start":{"line":69,"column":21},"end":{"line":80,"column":3}},"38":{"start":{"line":70,"column":4},"end":{"line":79,"column":5}},"39":{"start":{"line":71,"column":27},"end":{"line":71,"column":64}},"40":{"start":{"line":72,"column":27},"end":{"line":72,"column":37}},"41":{"start":{"line":73,"column":33},"end":{"line":73,"column":92}},"42":{"start":{"line":73,"column":64},"end":{"line":73,"column":91}},"43":{"start":{"line":74,"column":6},"end":{"line":74,"column":54}},"44":{"start":{"line":75,"column":6},"end":{"line":75,"column":48}},"45":{"start":{"line":76,"column":6},"end":{"line":76,"column":46}},"46":{"start":{"line":78,"column":6},"end":{"line":78,"column":41}},"47":{"start":{"line":82,"column":21},"end":{"line":91,"column":3}},"48":{"start":{"line":83,"column":4},"end":{"line":90,"column":5}},"49":{"start":{"line":84,"column":6},"end":{"line":84,"column":35}},"50":{"start":{"line":85,"column":31},"end":{"line":85,"column":67}},"51":{"start":{"line":85,"column":52},"end":{"line":85,"column":66}},"52":{"start":{"line":86,"column":6},"end":{"line":86,"column":45}},"53":{"start":{"line":87,"column":6},"end":{"line":87,"column":33}},"54":{"start":{"line":89,"column":6},"end":{"line":89,"column":41}},"55":{"start":{"line":93,"column":19},"end":{"line":97,"column":3}},"56":{"start":{"line":94,"column":4},"end":{"line":96,"column":16}},"57":{"start":{"line":99,"column":2},"end":{"line":126,"column":4}},"58":{"start":{"line":114,"column":12},"end":{"line":120,"column":14}}},"fnMap":{"0":{"name":"(anonymous_0)","decl":{"start":{"line":13,"column":12},"end":{"line":13,"column":13}},"loc":{"start":{"line":13,"column":18},"end":{"line":127,"column":1}},"line":13},"1":{"name":"(anonymous_1)","decl":{"start":{"line":19,"column":23},"end":{"line":19,"column":24}},"loc":{"start":{"line":19,"column":32},"end":{"line":21,"column":3}},"line":19},"2":{"name":"(anonymous_2)","decl":{"start":{"line":23,"column":21},"end":{"line":23,"column":22}},"loc":{"start":{"line":23,"column":49},"end":{"line":26,"column":3}},"line":23},"3":{"name":"(anonymous_3)","decl":{"start":{"line":25,"column":15},"end":{"line":25,"column":16}},"loc":{"start":{"line":25,"column":21},"end":{"line":25,"column":45}},"line":25},"4":{"name":"(anonymous_4)","decl":{"start":{"line":28,"column":12},"end":{"line":28,"column":13}},"loc":{"start":{"line":28,"column":23},"end":{"line":31,"column":3}},"line":28},"5":{"name":"(anonymous_5)","decl":{"start":{"line":33,"column":12},"end":{"line":33,"column":13}},"loc":{"start":{"line":33,"column":18},"end":{"line":40,"column":3}},"line":33},"6":{"name":"(anonymous_6)","decl":{"start":{"line":42,"column":22},"end":{"line":42,"column":23}},"loc":{"start":{"line":42,"column":52},"end":{"line":51,"column":3}},"line":42},"7":{"name":"(anonymous_7)","decl":{"start":{"line":53,"column":23},"end":{"line":53,"column":24}},"loc":{"start":{"line":53,"column":29},"end":{"line":56,"column":3}},"line":53},"8":{"name":"(anonymous_8)","decl":{"start":{"line":58,"column":21},"end":{"line":58,"column":22}},"loc":{"start":{"line":58,"column":40},"end":{"line":67,"column":3}},"line":58},"9":{"name":"(anonymous_9)","decl":{"start":{"line":69,"column":21},"end":{"line":69,"column":22}},"loc":{"start":{"line":69,"column":43},"end":{"line":80,"column":3}},"line":69},"10":{"name":"(anonymous_10)","decl":{"start":{"line":73,"column":56},"end":{"line":73,"column":57}},"loc":{"start":{"line":73,"column":64},"end":{"line":73,"column":91}},"line":73},"11":{"name":"(anonymous_11)","decl":{"start":{"line":82,"column":21},"end":{"line":82,"column":22}},"loc":{"start":{"line":82,"column":34},"end":{"line":91,"column":3}},"line":82},"12":{"name":"(anonymous_12)","decl":{"start":{"line":85,"column":44},"end":{"line":85,"column":45}},"loc":{"start":{"line":85,"column":52},"end":{"line":85,"column":66}},"line":85},"13":{"name":"(anonymous_13)","decl":{"start":{"line":93,"column":19},"end":{"line":93,"column":20}},"loc":{"start":{"line":94,"column":4},"end":{"line":96,"column":16}},"line":94},"14":{"name":"(anonymous_14)","decl":{"start":{"line":113,"column":21},"end":{"line":113,"column":22}},"loc":{"start":{"line":114,"column":12},"end":{"line":120,"column":14}},"line":114}},"branchMap":{"0":{"loc":{"start":{"line":23,"column":30},"end":{"line":23,"column":44}},"type":"default-arg","locations":[{"start":{"line":23,"column":35},"end":{"line":23,"column":44}}],"line":23},"1":{"loc":{"start":{"line":35,"column":4},"end":{"line":39,"column":5}},"type":"if","locations":[{"start":{"line":35,"column":4},"end":{"line":39,"column":5}},{"start":{},"end":{}}],"line":35},"2":{"loc":{"start":{"line":103,"column":7},"end":{"line":122,"column":14}},"type":"cond-expr","locations":[{"start":{"line":104,"column":10},"end":{"line":104,"column":49}},{"start":{"line":106,"column":8},"end":{"line":122,"column":14}}],"line":103}},"s":{"0":0,"1":0,"2":0,"3":0,"4":0,"5":0,"6":0,"7":0,"8":0,"9":0,"10":0,"11":0,"12":0,"13":0,"14":0,"15":0,"16":0,"17":0,"18":0,"19":0,"20":0,"21":0,"22":0,"23":0,"24":0,"25":0,"26":0,"27":0,"28":0,"29":0,"30":0,"31":0,"32":0,"33":0,"34":0,"35":0,"36":0,"37":0,"38":0,"39":0,"40":0,"41":0,"42":0,"43":0,"44":0,"45":0,"46":0,"47":0,"48":0,"49":0,"50":0,"51":0,"52":0,"53":0,"54":0,"55":0,"56":0,"57":0,"58":0},"f":{"0":0,"1":0,"2":0,"3":0,"4":0,"5":0,"6":0,"7":0,"8":0,"9":0,"10":0,"11":0,"12":0,"13":0,"14":0},"b":{"0":[0],"1":[0,0],"2":[0,0]}}
,"C:\\00.Study\\full-stack-open\\part5\\bloglist-fullstack\\frontend\\src\\index.js": {"path":"C:\\00.Study\\full-stack-open\\part5\\bloglist-fullstack\\frontend\\src\\index.js","statementMap":{"0":{"start":{"line":7,"column":0},"end":{"line":12,"column":2}}},"fnMap":{},"branchMap":{},"s":{"0":0},"f":{},"b":{}}
,"C:\\00.Study\\full-stack-open\\part5\\bloglist-fullstack\\frontend\\src\\components\\Blog.js": {"path":"C:\\00.Study\\full-stack-open\\part5\\bloglist-fullstack\\frontend\\src\\components\\Blog.js","statementMap":{"0":{"start":{"line":3,"column":13},"end":{"line":43,"column":5}},"1":{"start":{"line":4,"column":32},"end":{"line":4,"column":47}},"2":{"start":{"line":5,"column":18},"end":{"line":5,"column":49}},"3":{"start":{"line":6,"column":27},"end":{"line":6,"column":53}},"4":{"start":{"line":6,"column":33},"end":{"line":6,"column":53}},"5":{"start":{"line":7,"column":53},"end":{"line":7,"column":57}},"6":{"start":{"line":9,"column":19},"end":{"line":18,"column":3}},"7":{"start":{"line":10,"column":22},"end":{"line":16,"column":5}},"8":{"start":{"line":17,"column":4},"end":{"line":17,"column":30}},"9":{"start":{"line":20,"column":29},"end":{"line":25,"column":3}},"10":{"start":{"line":21,"column":4},"end":{"line":24,"column":18}},"11":{"start":{"line":22,"column":6},"end":{"line":22,"column":71}},"12":{"start":{"line":22,"column":37},"end":{"line":22,"column":52}},"13":{"start":{"line":24,"column":6},"end":{"line":24,"column":18}},"14":{"start":{"line":27,"column":2},"end":{"line":43,"column":4}},"15":{"start":{"line":31,"column":32},"end":{"line":31,"column":51}},"16":{"start":{"line":35,"column":78},"end":{"line":35,"column":89}}},"fnMap":{"0":{"name":"(anonymous_0)","decl":{"start":{"line":3,"column":13},"end":{"line":3,"column":14}},"loc":{"start":{"line":3,"column":61},"end":{"line":43,"column":5}},"line":3},"1":{"name":"(anonymous_1)","decl":{"start":{"line":6,"column":27},"end":{"line":6,"column":28}},"loc":{"start":{"line":6,"column":33},"end":{"line":6,"column":53}},"line":6},"2":{"name":"(anonymous_2)","decl":{"start":{"line":9,"column":19},"end":{"line":9,"column":20}},"loc":{"start":{"line":9,"column":25},"end":{"line":18,"column":3}},"line":9},"3":{"name":"(anonymous_3)","decl":{"start":{"line":20,"column":29},"end":{"line":20,"column":30}},"loc":{"start":{"line":20,"column":35},"end":{"line":25,"column":3}},"line":20},"4":{"name":"(anonymous_4)","decl":{"start":{"line":22,"column":30},"end":{"line":22,"column":31}},"loc":{"start":{"line":22,"column":36},"end":{"line":22,"column":53}},"line":22},"5":{"name":"(anonymous_5)","decl":{"start":{"line":31,"column":25},"end":{"line":31,"column":26}},"loc":{"start":{"line":31,"column":31},"end":{"line":31,"column":52}},"line":31},"6":{"name":"(anonymous_6)","decl":{"start":{"line":35,"column":71},"end":{"line":35,"column":72}},"loc":{"start":{"line":35,"column":77},"end":{"line":35,"column":90}},"line":35}},"branchMap":{"0":{"loc":{"start":{"line":5,"column":29},"end":{"line":5,"column":47}},"type":"cond-expr","locations":[{"start":{"line":5,"column":38},"end":{"line":5,"column":40}},{"start":{"line":5,"column":41},"end":{"line":5,"column":47}}],"line":5},"1":{"loc":{"start":{"line":21,"column":4},"end":{"line":24,"column":18}},"type":"if","locations":[{"start":{"line":21,"column":4},"end":{"line":24,"column":18}},{"start":{"line":24,"column":6},"end":{"line":24,"column":18}}],"line":21},"2":{"loc":{"start":{"line":31,"column":55},"end":{"line":31,"column":76}},"type":"cond-expr","locations":[{"start":{"line":31,"column":63},"end":{"line":31,"column":69}},{"start":{"line":31,"column":70},"end":{"line":31,"column":76}}],"line":31}},"s":{"0":1,"1":3,"2":3,"3":3,"4":1,"5":3,"6":3,"7":0,"8":0,"9":3,"10":3,"11":0,"12":0,"13":3,"14":3,"15":1,"16":0},"f":{"0":3,"1":1,"2":0,"3":3,"4":0,"5":1,"6":0},"b":{"0":[1,2],"1":[0,3],"2":[1,2]},"_coverageSchema":"1a1c01bbd47fc00a2c39e90264f33305004495a9","hash":"9d5047f831a5bdcd11fe029bd87293a365cfdb6d"}
,"C:\\00.Study\\full-stack-open\\part5\\bloglist-fullstack\\frontend\\src\\components\\BlogForm.js": {"path":"C:\\00.Study\\full-stack-open\\part5\\bloglist-fullstack\\frontend\\src\\components\\BlogForm.js","statementMap":{"0":{"start":{"line":4,"column":17},"end":{"line":39,"column":1}},"1":{"start":{"line":5,"column":28},"end":{"line":5,"column":40}},"2":{"start":{"line":6,"column":30},"end":{"line":6,"column":42}},"3":{"start":{"line":7,"column":24},"end":{"line":7,"column":36}},"4":{"start":{"line":8,"column":28},"end":{"line":8,"column":39}},"5":{"start":{"line":9,"column":32},"end":{"line":9,"column":44}},"6":{"start":{"line":11,"column":18},"end":{"line":25,"column":3}},"7":{"start":{"line":12,"column":4},"end":{"line":12,"column":27}},"8":{"start":{"line":13,"column":4},"end":{"line":19,"column":7}},"9":{"start":{"line":20,"column":4},"end":{"line":20,"column":17}},"10":{"start":{"line":21,"column":4},"end":{"line":21,"column":18}},"11":{"start":{"line":22,"column":4},"end":{"line":22,"column":15}},"12":{"start":{"line":23,"column":4},"end":{"line":23,"column":16}},"13":{"start":{"line":24,"column":4},"end":{"line":24,"column":19}},"14":{"start":{"line":26,"column":2},"end":{"line":38,"column":4}},"15":{"start":{"line":30,"column":103},"end":{"line":30,"column":126}},"16":{"start":{"line":31,"column":107},"end":{"line":31,"column":131}},"17":{"start":{"line":32,"column":100},"end":{"line":32,"column":121}},"18":{"start":{"line":33,"column":103},"end":{"line":33,"column":134}},"19":{"start":{"line":34,"column":102},"end":{"line":34,"column":127}},"20":{"start":{"line":41,"column":0},"end":{"line":43,"column":2}}},"fnMap":{"0":{"name":"(anonymous_0)","decl":{"start":{"line":4,"column":17},"end":{"line":4,"column":18}},"loc":{"start":{"line":4,"column":37},"end":{"line":39,"column":1}},"line":4},"1":{"name":"(anonymous_1)","decl":{"start":{"line":11,"column":18},"end":{"line":11,"column":19}},"loc":{"start":{"line":11,"column":29},"end":{"line":25,"column":3}},"line":11},"2":{"name":"(anonymous_2)","decl":{"start":{"line":30,"column":86},"end":{"line":30,"column":87}},"loc":{"start":{"line":30,"column":102},"end":{"line":30,"column":127}},"line":30},"3":{"name":"(anonymous_3)","decl":{"start":{"line":31,"column":90},"end":{"line":31,"column":91}},"loc":{"start":{"line":31,"column":106},"end":{"line":31,"column":132}},"line":31},"4":{"name":"(anonymous_4)","decl":{"start":{"line":32,"column":83},"end":{"line":32,"column":84}},"loc":{"start":{"line":32,"column":99},"end":{"line":32,"column":122}},"line":32},"5":{"name":"(anonymous_5)","decl":{"start":{"line":33,"column":86},"end":{"line":33,"column":87}},"loc":{"start":{"line":33,"column":102},"end":{"line":33,"column":135}},"line":33},"6":{"name":"(anonymous_6)","decl":{"start":{"line":34,"column":85},"end":{"line":34,"column":86}},"loc":{"start":{"line":34,"column":101},"end":{"line":34,"column":128}},"line":34}},"branchMap":{},"s":{"0":1,"1":7,"2":7,"3":7,"4":7,"5":7,"6":7,"7":1,"8":1,"9":1,"10":1,"11":1,"12":1,"13":1,"14":7,"15":1,"16":1,"17":1,"18":1,"19":1,"20":1},"f":{"0":7,"1":1,"2":1,"3":1,"4":1,"5":1,"6":1},"b":{},"_coverageSchema":"1a1c01bbd47fc00a2c39e90264f33305004495a9","hash":"4a5982a76d00e3fd11c7a16f98150e7008ffe791"}
,"C:\\00.Study\\full-stack-open\\part5\\bloglist-fullstack\\frontend\\src\\components\\Footer.js": {"path":"C:\\00.Study\\full-stack-open\\part5\\bloglist-fullstack\\frontend\\src\\components\\Footer.js","statementMap":{"0":{"start":{"line":2,"column":15},"end":{"line":8,"column":1}},"1":{"start":{"line":3,"column":2},"end":{"line":7,"column":4}}},"fnMap":{"0":{"name":"(anonymous_0)","decl":{"start":{"line":2,"column":15},"end":{"line":2,"column":16}},"loc":{"start":{"line":2,"column":21},"end":{"line":8,"column":1}},"line":2}},"branchMap":{},"s":{"0":0,"1":0},"f":{"0":0},"b":{}}
,"C:\\00.Study\\full-stack-open\\part5\\bloglist-fullstack\\frontend\\src\\components\\LoginForm.js": {"path":"C:\\00.Study\\full-stack-open\\part5\\bloglist-fullstack\\frontend\\src\\components\\LoginForm.js","statementMap":{"0":{"start":{"line":4,"column":18},"end":{"line":41,"column":1}},"1":{"start":{"line":5,"column":34},"end":{"line":5,"column":46}},"2":{"start":{"line":6,"column":34},"end":{"line":6,"column":46}},"3":{"start":{"line":8,"column":23},"end":{"line":13,"column":3}},"4":{"start":{"line":9,"column":4},"end":{"line":9,"column":27}},"5":{"start":{"line":10,"column":4},"end":{"line":10,"column":36}},"6":{"start":{"line":11,"column":4},"end":{"line":11,"column":20}},"7":{"start":{"line":12,"column":4},"end":{"line":12,"column":20}},"8":{"start":{"line":14,"column":2},"end":{"line":40,"column":4}},"9":{"start":{"line":24,"column":38},"end":{"line":24,"column":63}},"10":{"start":{"line":33,"column":38},"end":{"line":33,"column":63}},"11":{"start":{"line":43,"column":0},"end":{"line":45,"column":2}}},"fnMap":{"0":{"name":"(anonymous_0)","decl":{"start":{"line":4,"column":18},"end":{"line":4,"column":19}},"loc":{"start":{"line":4,"column":39},"end":{"line":41,"column":1}},"line":4},"1":{"name":"(anonymous_1)","decl":{"start":{"line":8,"column":23},"end":{"line":8,"column":24}},"loc":{"start":{"line":8,"column":34},"end":{"line":13,"column":3}},"line":8},"2":{"name":"(anonymous_2)","decl":{"start":{"line":24,"column":22},"end":{"line":24,"column":23}},"loc":{"start":{"line":24,"column":38},"end":{"line":24,"column":63}},"line":24},"3":{"name":"(anonymous_3)","decl":{"start":{"line":33,"column":22},"end":{"line":33,"column":23}},"loc":{"start":{"line":33,"column":38},"end":{"line":33,"column":63}},"line":33}},"branchMap":{},"s":{"0":0,"1":0,"2":0,"3":0,"4":0,"5":0,"6":0,"7":0,"8":0,"9":0,"10":0,"11":0},"f":{"0":0,"1":0,"2":0,"3":0},"b":{}}
,"C:\\00.Study\\full-stack-open\\part5\\bloglist-fullstack\\frontend\\src\\components\\Nav.js": {"path":"C:\\00.Study\\full-stack-open\\part5\\bloglist-fullstack\\frontend\\src\\components\\Nav.js","statementMap":{"0":{"start":{"line":2,"column":12},"end":{"line":11,"column":1}},"1":{"start":{"line":3,"column":2},"end":{"line":10,"column":4}}},"fnMap":{"0":{"name":"(anonymous_0)","decl":{"start":{"line":2,"column":12},"end":{"line":2,"column":13}},"loc":{"start":{"line":2,"column":18},"end":{"line":11,"column":1}},"line":2}},"branchMap":{},"s":{"0":0,"1":0},"f":{"0":0},"b":{}}
,"C:\\00.Study\\full-stack-open\\part5\\bloglist-fullstack\\frontend\\src\\components\\Notification.js": {"path":"C:\\00.Study\\full-stack-open\\part5\\bloglist-fullstack\\frontend\\src\\components\\Notification.js","statementMap":{"0":{"start":{"line":2,"column":21},"end":{"line":11,"column":1}},"1":{"start":{"line":3,"column":2},"end":{"line":10,"column":6}},"2":{"start":{"line":4,"column":4},"end":{"line":4,"column":16}},"3":{"start":{"line":6,"column":4},"end":{"line":10,"column":6}}},"fnMap":{"0":{"name":"(anonymous_0)","decl":{"start":{"line":2,"column":21},"end":{"line":2,"column":22}},"loc":{"start":{"line":2,"column":43},"end":{"line":11,"column":1}},"line":2}},"branchMap":{"0":{"loc":{"start":{"line":3,"column":2},"end":{"line":10,"column":6}},"type":"if","locations":[{"start":{"line":3,"column":2},"end":{"line":10,"column":6}},{"start":{"line":6,"column":4},"end":{"line":10,"column":6}}],"line":3}},"s":{"0":0,"1":0,"2":0,"3":0},"f":{"0":0},"b":{"0":[0,0]}}
,"C:\\00.Study\\full-stack-open\\part5\\bloglist-fullstack\\frontend\\src\\components\\Togglable.js": {"path":"C:\\00.Study\\full-stack-open\\part5\\bloglist-fullstack\\frontend\\src\\components\\Togglable.js","statementMap":{"0":{"start":{"line":4,"column":18},"end":{"line":28,"column":2}},"1":{"start":{"line":5,"column":32},"end":{"line":5,"column":47}},"2":{"start":{"line":6,"column":26},"end":{"line":6,"column":60}},"3":{"start":{"line":7,"column":26},"end":{"line":7,"column":60}},"4":{"start":{"line":9,"column":27},"end":{"line":11,"column":3}},"5":{"start":{"line":10,"column":4},"end":{"line":10,"column":25}},"6":{"start":{"line":13,"column":2},"end":{"line":15,"column":5}},"7":{"start":{"line":14,"column":4},"end":{"line":14,"column":32}},"8":{"start":{"line":17,"column":2},"end":{"line":27,"column":4}},"9":{"start":{"line":30,"column":0},"end":{"line":32,"column":2}},"10":{"start":{"line":34,"column":0},"end":{"line":34,"column":36}}},"fnMap":{"0":{"name":"(anonymous_0)","decl":{"start":{"line":4,"column":35},"end":{"line":4,"column":36}},"loc":{"start":{"line":4,"column":50},"end":{"line":28,"column":1}},"line":4},"1":{"name":"(anonymous_1)","decl":{"start":{"line":9,"column":27},"end":{"line":9,"column":28}},"loc":{"start":{"line":9,"column":33},"end":{"line":11,"column":3}},"line":9},"2":{"name":"(anonymous_2)","decl":{"start":{"line":13,"column":27},"end":{"line":13,"column":28}},"loc":{"start":{"line":13,"column":33},"end":{"line":15,"column":3}},"line":13}},"branchMap":{"0":{"loc":{"start":{"line":6,"column":37},"end":{"line":6,"column":58}},"type":"cond-expr","locations":[{"start":{"line":6,"column":47},"end":{"line":6,"column":53}},{"start":{"line":6,"column":56},"end":{"line":6,"column":58}}],"line":6},"1":{"loc":{"start":{"line":7,"column":37},"end":{"line":7,"column":58}},"type":"cond-expr","locations":[{"start":{"line":7,"column":47},"end":{"line":7,"column":49}},{"start":{"line":7,"column":52},"end":{"line":7,"column":58}}],"line":7}},"s":{"0":1,"1":7,"2":7,"3":7,"4":7,"5":3,"6":7,"7":0,"8":7,"9":1,"10":1},"f":{"0":7,"1":3,"2":0},"b":{"0":[2,5],"1":[2,5]},"_coverageSchema":"1a1c01bbd47fc00a2c39e90264f33305004495a9","hash":"06ce20eaf5d6036b016c6af2b232cf0d7045a4ea"}
,"C:\\00.Study\\full-stack-open\\part5\\bloglist-fullstack\\frontend\\src\\services\\blogs.js": {"path":"C:\\00.Study\\full-stack-open\\part5\\bloglist-fullstack\\frontend\\src\\services\\blogs.js","statementMap":{"0":{"start":{"line":2,"column":16},"end":{"line":2,"column":28}},"1":{"start":{"line":4,"column":12},"end":{"line":4,"column":16}},"2":{"start":{"line":6,"column":17},"end":{"line":8,"column":1}},"3":{"start":{"line":7,"column":2},"end":{"line":7,"column":31}},"4":{"start":{"line":10,"column":15},"end":{"line":13,"column":1}},"5":{"start":{"line":11,"column":19},"end":{"line":11,"column":43}},"6":{"start":{"line":12,"column":2},"end":{"line":12,"column":29}},"7":{"start":{"line":15,"column":15},"end":{"line":21,"column":1}},"8":{"start":{"line":16,"column":17},"end":{"line":18,"column":3}},"9":{"start":{"line":19,"column":19},"end":{"line":19,"column":60}},"10":{"start":{"line":20,"column":2},"end":{"line":20,"column":23}},"11":{"start":{"line":23,"column":15},"end":{"line":29,"column":1}},"12":{"start":{"line":24,"column":17},"end":{"line":26,"column":3}},"13":{"start":{"line":27,"column":19},"end":{"line":27,"column":75}},"14":{"start":{"line":28,"column":2},"end":{"line":28,"column":23}},"15":{"start":{"line":31,"column":15},"end":{"line":37,"column":1}},"16":{"start":{"line":32,"column":17},"end":{"line":34,"column":3}},"17":{"start":{"line":35,"column":19},"end":{"line":35,"column":67}},"18":{"start":{"line":36,"column":2},"end":{"line":36,"column":23}}},"fnMap":{"0":{"name":"(anonymous_0)","decl":{"start":{"line":6,"column":17},"end":{"line":6,"column":18}},"loc":{"start":{"line":6,"column":29},"end":{"line":8,"column":1}},"line":6},"1":{"name":"(anonymous_1)","decl":{"start":{"line":10,"column":15},"end":{"line":10,"column":16}},"loc":{"start":{"line":10,"column":26},"end":{"line":13,"column":1}},"line":10},"2":{"name":"(anonymous_2)","decl":{"start":{"line":15,"column":15},"end":{"line":15,"column":16}},"loc":{"start":{"line":15,"column":32},"end":{"line":21,"column":1}},"line":15},"3":{"name":"(anonymous_3)","decl":{"start":{"line":23,"column":15},"end":{"line":23,"column":16}},"loc":{"start":{"line":23,"column":39},"end":{"line":29,"column":1}},"line":23},"4":{"name":"(anonymous_4)","decl":{"start":{"line":31,"column":15},"end":{"line":31,"column":16}},"loc":{"start":{"line":31,"column":27},"end":{"line":37,"column":1}},"line":31}},"branchMap":{},"s":{"0":0,"1":0,"2":0,"3":0,"4":0,"5":0,"6":0,"7":0,"8":0,"9":0,"10":0,"11":0,"12":0,"13":0,"14":0,"15":0,"16":0,"17":0,"18":0},"f":{"0":0,"1":0,"2":0,"3":0,"4":0},"b":{}}
,"C:\\00.Study\\full-stack-open\\part5\\bloglist-fullstack\\frontend\\src\\services\\login.js": {"path":"C:\\00.Study\\full-stack-open\\part5\\bloglist-fullstack\\frontend\\src\\services\\login.js","statementMap":{"0":{"start":{"line":2,"column":16},"end":{"line":2,"column":28}},"1":{"start":{"line":4,"column":14},"end":{"line":7,"column":1}},"2":{"start":{"line":5,"column":14},"end":{"line":5,"column":52}},"3":{"start":{"line":6,"column":2},"end":{"line":6,"column":18}}},"fnMap":{"0":{"name":"(anonymous_0)","decl":{"start":{"line":4,"column":14},"end":{"line":4,"column":15}},"loc":{"start":{"line":4,"column":35},"end":{"line":7,"column":1}},"line":4}},"branchMap":{},"s":{"0":0,"1":0,"2":0,"3":0},"f":{"0":0},"b":{}}
}
